
Showing logs for build [32mcb-kubecd-environment-pr-211-2-kzqhp-1[0m stage [32mfrom-build-pack[0m and container [32mstep-credential-initializer-ft2wd[0m
{"level":"info","ts":1588129229.774343,"logger":"fallback-logger","caller":"logging/config.go:69","msg":"Fetch GitHub commit ID from kodata failed: open /var/run/ko/refs/heads/0.8.0-ns-support: no such file or directory"}
{"level":"info","ts":1588129229.775042,"logger":"fallback-logger","caller":"creds-init/main.go:40","msg":"Credentials initialized."}

Showing logs for build [32mcb-kubecd-environment-pr-211-2-kzqhp-1[0m stage [32mfrom-build-pack[0m and container [32mstep-working-dir-initializer-n99gq[0m
{"level":"info","ts":1588129230.434807,"logger":"fallback-logger","caller":"logging/config.go:69","msg":"Fetch GitHub commit ID from kodata failed: open /var/run/ko/HEAD: no such file or directory"}
{"level":"info","ts":1588129230.439085,"logger":"fallback-logger","caller":"bash/main.go:64","msg":"Successfully executed command \"sh -c mkdir -p /workspace/source\"; output "}

Showing logs for build [32mcb-kubecd-environment-pr-211-2-kzqhp-1[0m stage [32mfrom-build-pack[0m and container [32mstep-place-tools[0m

Showing logs for build [32mcb-kubecd-environment-pr-211-2-kzqhp-1[0m stage [32mfrom-build-pack[0m and container [32mstep-git-source-cb-kubecd-environment-pr-211-2-kzqhp-ckn5q[0m
{"level":"info","ts":1588129235.5510354,"logger":"fallback-logger","caller":"logging/config.go:69","msg":"Fetch GitHub commit ID from kodata failed: open /var/run/ko/refs/heads/0.8.0-ns-support: no such file or directory"}
{"level":"info","ts":1588129236.604749,"logger":"fallback-logger","caller":"git/git.go:103","msg":"Successfully cloned https://github.com/cb-kubecd/environment-pr-211-2-boot-vault-gke-staging.git @ master in path /workspace/source"}

Showing logs for build [32mcb-kubecd-environment-pr-211-2-kzqhp-1[0m stage [32mfrom-build-pack[0m and container [32mstep-git-merge[0m
Using SHAs from PULL_REFS=master:0775339b686816b2b6ea46513df32bcf3dca7412,2:ef8254ee92c028b7916f490f33a0970b4ea6a8a5
DEBUG: LC_ALL=C JX_LOG_LEVEL=error git fetch origin --unshallow ef8254ee92c028b7916f490f33a0970b4ea6a8a5: 0775339b686816b2b6ea46513df32bcf3dca7412:
DEBUG: ran git fetch --unshallow origin ef8254ee92c028b7916f490f33a0970b4ea6a8a5: 0775339b686816b2b6ea46513df32bcf3dca7412: in 
DEBUG: JX_LOG_LEVEL=error LC_ALL=C git branch
DEBUG: LC_ALL=C JX_LOG_LEVEL=error git checkout master
DEBUG: ran git checkout master in 
DEBUG: JX_LOG_LEVEL=error LC_ALL=C git reset --hard 0775339b686816b2b6ea46513df32bcf3dca7412
DEBUG: ran git reset --hard 0775339b686816b2b6ea46513df32bcf3dca7412 in 
DEBUG: LC_ALL=C JX_LOG_LEVEL=error git clean -fd .
DEBUG: ran clean --force -d . in 
DEBUG: LC_ALL=C JX_LOG_LEVEL=error git merge ef8254ee92c028b7916f490f33a0970b4ea6a8a5
DEBUG: ran git merge ef8254ee92c028b7916f490f33a0970b4ea6a8a5 in 
DEBUG: LC_ALL=C JX_LOG_LEVEL=error git log --format=%H%x1f%an%x1f%ae%x1f%cn%x1f%ce%x1f%s%n%b%x1e 0775339b686816b2b6ea46513df32bcf3dca7412..HEAD
Merged SHA ef8254ee92c028b7916f490f33a0970b4ea6a8a5 with commit message 'chore: Promote bdd-gh-1588128923 to version 0.0.1' into base branch master

Showing logs for build [32mcb-kubecd-environment-pr-211-2-kzqhp-1[0m stage [32mfrom-build-pack[0m and container [32mstep-build-helm-build[0m
WARNING: No $CHART_REPOSITORY defined so using the default value of: http://jenkins-x-chartmuseum:8080
Adding missing Helm repo: storage.googleapis.com https://storage.googleapis.com/chartmuseum.jenkins-x.io
WARNING: No secrets found on "helm/repos" due: reading the secret "helm/repos" from vault: no secret "helm/repos" not found in vault
Read credentials for https://storage.googleapis.com/chartmuseum.jenkins-x.io from vault helm/repos
Successfully added Helm repository storage.googleapis.com.
Adding missing Helm repo: jenkins-x-chartmuseum http://jenkins-x-chartmuseum:8080
WARNING: No secrets found on "helm/repos" due: reading the secret "helm/repos" from vault: no secret "helm/repos" not found in vault
Read credentials for http://jenkins-x-chartmuseum:8080 from vault helm/repos
Successfully added Helm repository jenkins-x-chartmuseum.
WARNING: No $CHART_REPOSITORY defined so using the default value of: http://jenkins-x-chartmuseum:8080
Adding missing Helm repo: chartmuseum.jenkins-x.io http://chartmuseum.jenkins-x.io
WARNING: No secrets found on "helm/repos" due: reading the secret "helm/repos" from vault: no secret "helm/repos" not found in vault
Read credentials for http://chartmuseum.jenkins-x.io from vault helm/repos
Successfully added Helm repository chartmuseum.jenkins-x.io.
