
Showing logs for build [32mcb-kubecd-environment-pr-211-2-726mx-1[0m stage [32mfrom-build-pack[0m and container [32mstep-credential-initializer-7wmxb[0m
{"level":"info","ts":1588132003.5892348,"logger":"fallback-logger","caller":"logging/config.go:69","msg":"Fetch GitHub commit ID from kodata failed: open /var/run/ko/refs/heads/0.8.0-ns-support: no such file or directory"}
{"level":"info","ts":1588132003.5900283,"logger":"fallback-logger","caller":"creds-init/main.go:40","msg":"Credentials initialized."}

Showing logs for build [32mcb-kubecd-environment-pr-211-2-726mx-1[0m stage [32mfrom-build-pack[0m and container [32mstep-working-dir-initializer-gsp56[0m
{"level":"info","ts":1588132004.6455276,"logger":"fallback-logger","caller":"logging/config.go:69","msg":"Fetch GitHub commit ID from kodata failed: open /var/run/ko/HEAD: no such file or directory"}
{"level":"info","ts":1588132004.647284,"logger":"fallback-logger","caller":"bash/main.go:64","msg":"Successfully executed command \"sh -c mkdir -p /workspace/source\"; output "}

Showing logs for build [32mcb-kubecd-environment-pr-211-2-726mx-1[0m stage [32mfrom-build-pack[0m and container [32mstep-place-tools[0m

Showing logs for build [32mcb-kubecd-environment-pr-211-2-726mx-1[0m stage [32mfrom-build-pack[0m and container [32mstep-git-source-cb-kubecd-environment-pr-211-2-726mx-tf8lb[0m
{"level":"info","ts":1588132009.9261396,"logger":"fallback-logger","caller":"logging/config.go:69","msg":"Fetch GitHub commit ID from kodata failed: open /var/run/ko/refs/heads/0.8.0-ns-support: no such file or directory"}
{"level":"info","ts":1588132010.9711134,"logger":"fallback-logger","caller":"git/git.go:103","msg":"Successfully cloned https://github.com/cb-kubecd/environment-pr-211-2-boot-vault-gke-staging.git @ master in path /workspace/source"}

Showing logs for build [32mcb-kubecd-environment-pr-211-2-726mx-1[0m stage [32mfrom-build-pack[0m and container [32mstep-git-merge[0m
Using SHAs from PULL_REFS=master:cb92ab4590b5a05fbad1c0e042478220fcdd18f4,4:61cab8d67428060bcaff5e4205b1f77962b0db6b
DEBUG: LC_ALL=C JX_LOG_LEVEL=error git fetch origin --unshallow 61cab8d67428060bcaff5e4205b1f77962b0db6b: cb92ab4590b5a05fbad1c0e042478220fcdd18f4:
DEBUG: ran git fetch --unshallow origin 61cab8d67428060bcaff5e4205b1f77962b0db6b: cb92ab4590b5a05fbad1c0e042478220fcdd18f4: in 
DEBUG: LC_ALL=C JX_LOG_LEVEL=error git branch
DEBUG: JX_LOG_LEVEL=error LC_ALL=C git checkout master
DEBUG: ran git checkout master in 
DEBUG: LC_ALL=C JX_LOG_LEVEL=error git reset --hard cb92ab4590b5a05fbad1c0e042478220fcdd18f4
DEBUG: ran git reset --hard cb92ab4590b5a05fbad1c0e042478220fcdd18f4 in 
DEBUG: LC_ALL=C JX_LOG_LEVEL=error git clean -fd .
DEBUG: ran clean --force -d . in 
DEBUG: LC_ALL=C JX_LOG_LEVEL=error git merge 61cab8d67428060bcaff5e4205b1f77962b0db6b
DEBUG: ran git merge 61cab8d67428060bcaff5e4205b1f77962b0db6b in 
DEBUG: LC_ALL=C JX_LOG_LEVEL=error git log --format=%H%x1f%an%x1f%ae%x1f%cn%x1f%ce%x1f%s%n%b%x1e cb92ab4590b5a05fbad1c0e042478220fcdd18f4..HEAD
Merged SHA 61cab8d67428060bcaff5e4205b1f77962b0db6b with commit message 'chore: Promote bdd-nh-1588128923 to version 0.0.1' into base branch master

Showing logs for build [32mcb-kubecd-environment-pr-211-2-726mx-1[0m stage [32mfrom-build-pack[0m and container [32mstep-build-helm-build[0m
WARNING: No $CHART_REPOSITORY defined so using the default value of: http://jenkins-x-chartmuseum:8080
Adding missing Helm repo: storage.googleapis.com https://storage.googleapis.com/chartmuseum.jenkins-x.io
WARNING: No secrets found on "helm/repos" due: reading the secret "helm/repos" from vault: no secret "helm/repos" not found in vault
Read credentials for https://storage.googleapis.com/chartmuseum.jenkins-x.io from vault helm/repos
Successfully added Helm repository storage.googleapis.com.
Adding missing Helm repo: jenkins-x-chartmuseum http://jenkins-x-chartmuseum:8080
WARNING: No secrets found on "helm/repos" due: reading the secret "helm/repos" from vault: no secret "helm/repos" not found in vault
Read credentials for http://jenkins-x-chartmuseum:8080 from vault helm/repos
Successfully added Helm repository jenkins-x-chartmuseum.
WARNING: No $CHART_REPOSITORY defined so using the default value of: http://jenkins-x-chartmuseum:8080
Adding missing Helm repo: chartmuseum.jenkins-x.io http://chartmuseum.jenkins-x.io
WARNING: No secrets found on "helm/repos" due: reading the secret "helm/repos" from vault: no secret "helm/repos" not found in vault
Read credentials for http://chartmuseum.jenkins-x.io from vault helm/repos
Successfully added Helm repository chartmuseum.jenkins-x.io.
